2023-10-07T18:47:09+00:00 CRITICAL Uncaught TypeError: call_user_func_array(): Argument #1 ($callback) must be a valid callback, function "wbk_uninstall" not found or invalid function name in C:\xampp\htdocs\Beauty_Saloon\wp-includes\class-wp-hook.php:310
Stack trace:
#0 C:\xampp\htdocs\Beauty_Saloon\wp-includes\class-wp-hook.php(334): WP_Hook->apply_filters('', Array)
#1 C:\xampp\htdocs\Beauty_Saloon\wp-includes\plugin.php(517): WP_Hook->do_action(Array)
#2 C:\xampp\htdocs\Beauty_Saloon\wp-admin\includes\plugin.php(1269): do_action('uninstall_webba...')
#3 C:\xampp\htdocs\Beauty_Saloon\wp-admin\includes\plugin.php(960): uninstall_plugin('webba-booking-l...')
#4 C:\xampp\htdocs\Beauty_Saloon\wp-admin\includes\ajax-actions.php(4732): delete_plugins(Array)
#5 C:\xampp\htdocs\Beauty_Saloon\wp-includes\class-wp-hook.php(310): wp_ajax_delete_plugin('')
#6 C:\xampp\htdocs\Beauty_Saloon\wp-includes\class-wp-hook.php(334): WP_Hook->apply_filters('', Array)
#7 C:\xampp\htdocs\Beauty_Saloon\wp-includes\plugin.php(517): WP_Hook->do_action(Array)
#8 C:\xampp\htdocs\Beauty_Saloon\wp-admin\admin-ajax.php(188): do_action('wp_ajax_delete-...')
#9 {main}
  thrown in C:\xampp\htdocs\Beauty_Saloon\wp-includes\class-wp-hook.php on line 310

2023-10-07T21:17:46+00:00 CRITICAL Maximum execution time of 120 seconds exceeded in C:\xampp\htdocs\Beauty_Saloon\wp-includes\Requests\src\Transport\Curl.php on line 534

2023-10-07T21:21:02+00:00 CRITICAL Maximum execution time of 120 seconds exceeded in C:\xampp\htdocs\Beauty_Saloon\wp-includes\Requests\src\Transport\Curl.php on line 534

2023-10-07T21:24:09+00:00 CRITICAL Maximum execution time of 120 seconds exceeded in C:\xampp\htdocs\Beauty_Saloon\wp-includes\Requests\src\Transport\Curl.php on line 534

2023-10-07T21:29:46+00:00 CRITICAL Maximum execution time of 120 seconds exceeded in C:\xampp\htdocs\Beauty_Saloon\wp-includes\Requests\src\Transport\Curl.php on line 534

2023-10-07T21:37:57+00:00 CRITICAL Maximum execution time of 120 seconds exceeded in C:\xampp\htdocs\Beauty_Saloon\wp-includes\Requests\src\Transport\Curl.php on line 534

2023-10-07T22:07:50+00:00 CRITICAL Maximum execution time of 120 seconds exceeded in C:\xampp\htdocs\Beauty_Saloon\wp-includes\Requests\src\Transport\Curl.php on line 534

2023-10-07T22:13:52+00:00 CRITICAL Maximum execution time of 120 seconds exceeded in C:\xampp\htdocs\Beauty_Saloon\wp-includes\Requests\src\Transport\Curl.php on line 534

